生成启动时间为 2018/1/14 9:10:18。
     1>项目“C:\Users\YQ\Desktop\15061050_4200\15061050\源程序\compile\compile\compile.vcxproj”在节点 2 上(build 个目标)。
     1>InitializeBuildStatus:
         正在创建“Debug\compile.unsuccessfulbuild”，因为已指定“AlwaysCreate”。
       ClCompile:
         e:\vs2010\VC\bin\CL.exe /c /Zi /nologo /W3 /WX- /Od /Oy- /D WIN32 /D _DEBUG /D _CONSOLE /D _UNICODE /D UNICODE /Gm /EHsc /RTC1 /MDd /GS /fp:precise /Zc:wchar_t /Zc:forScope /Fo"Debug\\" /Fd"Debug\vc100.pdb" /Gd /TP /analyze- /errorReport:prompt objectcode.cpp
         objectcode.cpp
     1>c:\users\yq\desktop\15061050_4200\15061050\源程序\compile\compile\midcode.h(20): warning C4996: 'fopen': This function or variable may be unsafe. Consider using fopen_s instead. To disable deprecation, use _CRT_SECURE_NO_WARNINGS. See online help for details.
                 e:\vs2010\VC\include\stdio.h(234) : 参见“fopen”的声明
     1>c:\users\yq\desktop\15061050_4200\15061050\源程序\compile\compile\midcode.h(22): warning C4996: 'strcpy': This function or variable may be unsafe. Consider using strcpy_s instead. To disable deprecation, use _CRT_SECURE_NO_WARNINGS. See online help for details.
                 e:\vs2010\VC\include\string.h(105) : 参见“strcpy”的声明
     1>c:\users\yq\desktop\15061050_4200\15061050\源程序\compile\compile\midcode.h(23): warning C4996: 'strcpy': This function or variable may be unsafe. Consider using strcpy_s instead. To disable deprecation, use _CRT_SECURE_NO_WARNINGS. See online help for details.
                 e:\vs2010\VC\include\string.h(105) : 参见“strcpy”的声明
     1>c:\users\yq\desktop\15061050_4200\15061050\源程序\compile\compile\midcode.h(24): warning C4996: 'strcpy': This function or variable may be unsafe. Consider using strcpy_s instead. To disable deprecation, use _CRT_SECURE_NO_WARNINGS. See online help for details.
                 e:\vs2010\VC\include\string.h(105) : 参见“strcpy”的声明
     1>c:\users\yq\desktop\15061050_4200\15061050\源程序\compile\compile\midcode.h(37): warning C4996: 'sprintf': This function or variable may be unsafe. Consider using sprintf_s instead. To disable deprecation, use _CRT_SECURE_NO_WARNINGS. See online help for details.
                 e:\vs2010\VC\include\stdio.h(371) : 参见“sprintf”的声明
     1>c:\users\yq\desktop\15061050_4200\15061050\源程序\compile\compile\midcode.h(44): warning C4996: 'sprintf': This function or variable may be unsafe. Consider using sprintf_s instead. To disable deprecation, use _CRT_SECURE_NO_WARNINGS. See online help for details.
                 e:\vs2010\VC\include\stdio.h(371) : 参见“sprintf”的声明
     1>c:\users\yq\desktop\15061050_4200\15061050\源程序\compile\compile\grammer.h(59): warning C4996: 'fopen': This function or variable may be unsafe. Consider using fopen_s instead. To disable deprecation, use _CRT_SECURE_NO_WARNINGS. See online help for details.
                 e:\vs2010\VC\include\stdio.h(234) : 参见“fopen”的声明
     1>c:\users\yq\desktop\15061050_4200\15061050\源程序\compile\compile\grammer.h(150): warning C4996: 'strcpy': This function or variable may be unsafe. Consider using strcpy_s instead. To disable deprecation, use _CRT_SECURE_NO_WARNINGS. See online help for details.
                 e:\vs2010\VC\include\string.h(105) : 参见“strcpy”的声明
     1>c:\users\yq\desktop\15061050_4200\15061050\源程序\compile\compile\grammer.h(155): warning C4996: 'strcpy': This function or variable may be unsafe. Consider using strcpy_s instead. To disable deprecation, use _CRT_SECURE_NO_WARNINGS. See online help for details.
                 e:\vs2010\VC\include\string.h(105) : 参见“strcpy”的声明
     1>c:\users\yq\desktop\15061050_4200\15061050\源程序\compile\compile\grammer.h(176): warning C4996: 'strcpy': This function or variable may be unsafe. Consider using strcpy_s instead. To disable deprecation, use _CRT_SECURE_NO_WARNINGS. See online help for details.
                 e:\vs2010\VC\include\string.h(105) : 参见“strcpy”的声明
     1>c:\users\yq\desktop\15061050_4200\15061050\源程序\compile\compile\grammer.h(177): warning C4996: 'strcpy': This function or variable may be unsafe. Consider using strcpy_s instead. To disable deprecation, use _CRT_SECURE_NO_WARNINGS. See online help for details.
                 e:\vs2010\VC\include\string.h(105) : 参见“strcpy”的声明
     1>c:\users\yq\desktop\15061050_4200\15061050\源程序\compile\compile\grammer.h(238): warning C4996: 'sprintf': This function or variable may be unsafe. Consider using sprintf_s instead. To disable deprecation, use _CRT_SECURE_NO_WARNINGS. See online help for details.
                 e:\vs2010\VC\include\stdio.h(371) : 参见“sprintf”的声明
     1>c:\users\yq\desktop\15061050_4200\15061050\源程序\compile\compile\grammer.h(245): warning C4996: 'sprintf': This function or variable may be unsafe. Consider using sprintf_s instead. To disable deprecation, use _CRT_SECURE_NO_WARNINGS. See online help for details.
                 e:\vs2010\VC\include\stdio.h(371) : 参见“sprintf”的声明
     1>c:\users\yq\desktop\15061050_4200\15061050\源程序\compile\compile\grammer.h(250): warning C4996: 'sprintf': This function or variable may be unsafe. Consider using sprintf_s instead. To disable deprecation, use _CRT_SECURE_NO_WARNINGS. See online help for details.
                 e:\vs2010\VC\include\stdio.h(371) : 参见“sprintf”的声明
     1>c:\users\yq\desktop\15061050_4200\15061050\源程序\compile\compile\grammer.h(262): warning C4996: 'strcpy': This function or variable may be unsafe. Consider using strcpy_s instead. To disable deprecation, use _CRT_SECURE_NO_WARNINGS. See online help for details.
                 e:\vs2010\VC\include\string.h(105) : 参见“strcpy”的声明
     1>c:\users\yq\desktop\15061050_4200\15061050\源程序\compile\compile\grammer.h(263): warning C4996: 'strcpy': This function or variable may be unsafe. Consider using strcpy_s instead. To disable deprecation, use _CRT_SECURE_NO_WARNINGS. See online help for details.
                 e:\vs2010\VC\include\string.h(105) : 参见“strcpy”的声明
     1>c:\users\yq\desktop\15061050_4200\15061050\源程序\compile\compile\grammer.h(271): warning C4996: 'strcpy': This function or variable may be unsafe. Consider using strcpy_s instead. To disable deprecation, use _CRT_SECURE_NO_WARNINGS. See online help for details.
                 e:\vs2010\VC\include\string.h(105) : 参见“strcpy”的声明
     1>c:\users\yq\desktop\15061050_4200\15061050\源程序\compile\compile\grammer.h(276): warning C4996: 'strcpy': This function or variable may be unsafe. Consider using strcpy_s instead. To disable deprecation, use _CRT_SECURE_NO_WARNINGS. See online help for details.
                 e:\vs2010\VC\include\string.h(105) : 参见“strcpy”的声明
     1>c:\users\yq\desktop\15061050_4200\15061050\源程序\compile\compile\grammer.h(304): warning C4996: 'strcpy': This function or variable may be unsafe. Consider using strcpy_s instead. To disable deprecation, use _CRT_SECURE_NO_WARNINGS. See online help for details.
                 e:\vs2010\VC\include\string.h(105) : 参见“strcpy”的声明
     1>c:\users\yq\desktop\15061050_4200\15061050\源程序\compile\compile\grammer.h(306): warning C4996: 'strcpy': This function or variable may be unsafe. Consider using strcpy_s instead. To disable deprecation, use _CRT_SECURE_NO_WARNINGS. See online help for details.
                 e:\vs2010\VC\include\string.h(105) : 参见“strcpy”的声明
     1>c:\users\yq\desktop\15061050_4200\15061050\源程序\compile\compile\grammer.h(326): warning C4996: 'strcpy': This function or variable may be unsafe. Consider using strcpy_s instead. To disable deprecation, use _CRT_SECURE_NO_WARNINGS. See online help for details.
                 e:\vs2010\VC\include\string.h(105) : 参见“strcpy”的声明
     1>c:\users\yq\desktop\15061050_4200\15061050\源程序\compile\compile\grammer.h(337): warning C4996: 'sprintf': This function or variable may be unsafe. Consider using sprintf_s instead. To disable deprecation, use _CRT_SECURE_NO_WARNINGS. See online help for details.
                 e:\vs2010\VC\include\stdio.h(371) : 参见“sprintf”的声明
     1>c:\users\yq\desktop\15061050_4200\15061050\源程序\compile\compile\grammer.h(338): warning C4996: 'strcpy': This function or variable may be unsafe. Consider using strcpy_s instead. To disable deprecation, use _CRT_SECURE_NO_WARNINGS. See online help for details.
                 e:\vs2010\VC\include\string.h(105) : 参见“strcpy”的声明
     1>c:\users\yq\desktop\15061050_4200\15061050\源程序\compile\compile\grammer.h(340): warning C4996: 'strcpy': This function or variable may be unsafe. Consider using strcpy_s instead. To disable deprecation, use _CRT_SECURE_NO_WARNINGS. See online help for details.
                 e:\vs2010\VC\include\string.h(105) : 参见“strcpy”的声明
     1>c:\users\yq\desktop\15061050_4200\15061050\源程序\compile\compile\grammer.h(346): warning C4996: 'strcpy': This function or variable may be unsafe. Consider using strcpy_s instead. To disable deprecation, use _CRT_SECURE_NO_WARNINGS. See online help for details.
                 e:\vs2010\VC\include\string.h(105) : 参见“strcpy”的声明
     1>c:\users\yq\desktop\15061050_4200\15061050\源程序\compile\compile\grammer.h(348): warning C4996: 'strcpy': This function or variable may be unsafe. Consider using strcpy_s instead. To disable deprecation, use _CRT_SECURE_NO_WARNINGS. See online help for details.
                 e:\vs2010\VC\include\string.h(105) : 参见“strcpy”的声明
     1>c:\users\yq\desktop\15061050_4200\15061050\源程序\compile\compile\grammer.h(355): warning C4996: 'strcpy': This function or variable may be unsafe. Consider using strcpy_s instead. To disable deprecation, use _CRT_SECURE_NO_WARNINGS. See online help for details.
                 e:\vs2010\VC\include\string.h(105) : 参见“strcpy”的声明
     1>c:\users\yq\desktop\15061050_4200\15061050\源程序\compile\compile\grammer.h(357): warning C4996: 'strcpy': This function or variable may be unsafe. Consider using strcpy_s instead. To disable deprecation, use _CRT_SECURE_NO_WARNINGS. See online help for details.
                 e:\vs2010\VC\include\string.h(105) : 参见“strcpy”的声明
     1>c:\users\yq\desktop\15061050_4200\15061050\源程序\compile\compile\grammer.h(368): warning C4996: 'strcpy': This function or variable may be unsafe. Consider using strcpy_s instead. To disable deprecation, use _CRT_SECURE_NO_WARNINGS. See online help for details.
                 e:\vs2010\VC\include\string.h(105) : 参见“strcpy”的声明
     1>c:\users\yq\desktop\15061050_4200\15061050\源程序\compile\compile\grammer.h(374): warning C4996: 'strcpy': This function or variable may be unsafe. Consider using strcpy_s instead. To disable deprecation, use _CRT_SECURE_NO_WARNINGS. See online help for details.
                 e:\vs2010\VC\include\string.h(105) : 参见“strcpy”的声明
     1>c:\users\yq\desktop\15061050_4200\15061050\源程序\compile\compile\grammer.h(375): warning C4996: 'strcpy': This function or variable may be unsafe. Consider using strcpy_s instead. To disable deprecation, use _CRT_SECURE_NO_WARNINGS. See online help for details.
                 e:\vs2010\VC\include\string.h(105) : 参见“strcpy”的声明
     1>c:\users\yq\desktop\15061050_4200\15061050\源程序\compile\compile\grammer.h(377): warning C4996: 'strcpy': This function or variable may be unsafe. Consider using strcpy_s instead. To disable deprecation, use _CRT_SECURE_NO_WARNINGS. See online help for details.
                 e:\vs2010\VC\include\string.h(105) : 参见“strcpy”的声明
     1>c:\users\yq\desktop\15061050_4200\15061050\源程序\compile\compile\grammer.h(383): warning C4996: 'strcpy': This function or variable may be unsafe. Consider using strcpy_s instead. To disable deprecation, use _CRT_SECURE_NO_WARNINGS. See online help for details.
                 e:\vs2010\VC\include\string.h(105) : 参见“strcpy”的声明
     1>c:\users\yq\desktop\15061050_4200\15061050\源程序\compile\compile\grammer.h(384): warning C4996: 'strcpy': This function or variable may be unsafe. Consider using strcpy_s instead. To disable deprecation, use _CRT_SECURE_NO_WARNINGS. See online help for details.
                 e:\vs2010\VC\include\string.h(105) : 参见“strcpy”的声明
     1>c:\users\yq\desktop\15061050_4200\15061050\源程序\compile\compile\grammer.h(386): warning C4996: 'strcpy': This function or variable may be unsafe. Consider using strcpy_s instead. To disable deprecation, use _CRT_SECURE_NO_WARNINGS. See online help for details.
                 e:\vs2010\VC\include\string.h(105) : 参见“strcpy”的声明
     1>c:\users\yq\desktop\15061050_4200\15061050\源程序\compile\compile\grammer.h(406): warning C4996: 'strcpy': This function or variable may be unsafe. Consider using strcpy_s instead. To disable deprecation, use _CRT_SECURE_NO_WARNINGS. See online help for details.
                 e:\vs2010\VC\include\string.h(105) : 参见“strcpy”的声明
     1>c:\users\yq\desktop\15061050_4200\15061050\源程序\compile\compile\grammer.h(408): warning C4996: 'strcpy': This function or variable may be unsafe. Consider using strcpy_s instead. To disable deprecation, use _CRT_SECURE_NO_WARNINGS. See online help for details.
                 e:\vs2010\VC\include\string.h(105) : 参见“strcpy”的声明
     1>c:\users\yq\desktop\15061050_4200\15061050\源程序\compile\compile\grammer.h(410): warning C4996: 'strcpy': This function or variable may be unsafe. Consider using strcpy_s instead. To disable deprecation, use _CRT_SECURE_NO_WARNINGS. See online help for details.
                 e:\vs2010\VC\include\string.h(105) : 参见“strcpy”的声明
     1>c:\users\yq\desktop\15061050_4200\15061050\源程序\compile\compile\grammer.h(413): warning C4996: 'strcpy': This function or variable may be unsafe. Consider using strcpy_s instead. To disable deprecation, use _CRT_SECURE_NO_WARNINGS. See online help for details.
                 e:\vs2010\VC\include\string.h(105) : 参见“strcpy”的声明
     1>c:\users\yq\desktop\15061050_4200\15061050\源程序\compile\compile\grammer.h(417): warning C4996: 'strcpy': This function or variable may be unsafe. Consider using strcpy_s instead. To disable deprecation, use _CRT_SECURE_NO_WARNINGS. See online help for details.
                 e:\vs2010\VC\include\string.h(105) : 参见“strcpy”的声明
     1>c:\users\yq\desktop\15061050_4200\15061050\源程序\compile\compile\grammer.h(419): warning C4996: 'strcpy': This function or variable may be unsafe. Consider using strcpy_s instead. To disable deprecation, use _CRT_SECURE_NO_WARNINGS. See online help for details.
                 e:\vs2010\VC\include\string.h(105) : 参见“strcpy”的声明
     1>c:\users\yq\desktop\15061050_4200\15061050\源程序\compile\compile\grammer.h(423): warning C4996: 'strcpy': This function or variable may be unsafe. Consider using strcpy_s instead. To disable deprecation, use _CRT_SECURE_NO_WARNINGS. See online help for details.
                 e:\vs2010\VC\include\string.h(105) : 参见“strcpy”的声明
     1>c:\users\yq\desktop\15061050_4200\15061050\源程序\compile\compile\grammer.h(425): warning C4996: 'strcpy': This function or variable may be unsafe. Consider using strcpy_s instead. To disable deprecation, use _CRT_SECURE_NO_WARNINGS. See online help for details.
                 e:\vs2010\VC\include\string.h(105) : 参见“strcpy”的声明
     1>c:\users\yq\desktop\15061050_4200\15061050\源程序\compile\compile\grammer.h(435): warning C4996: 'strcpy': This function or variable may be unsafe. Consider using strcpy_s instead. To disable deprecation, use _CRT_SECURE_NO_WARNINGS. See online help for details.
                 e:\vs2010\VC\include\string.h(105) : 参见“strcpy”的声明
     1>c:\users\yq\desktop\15061050_4200\15061050\源程序\compile\compile\grammer.h(439): warning C4996: 'strcpy': This function or variable may be unsafe. Consider using strcpy_s instead. To disable deprecation, use _CRT_SECURE_NO_WARNINGS. See online help for details.
                 e:\vs2010\VC\include\string.h(105) : 参见“strcpy”的声明
     1>c:\users\yq\desktop\15061050_4200\15061050\源程序\compile\compile\grammer.h(441): warning C4996: 'strcpy': This function or variable may be unsafe. Consider using strcpy_s instead. To disable deprecation, use _CRT_SECURE_NO_WARNINGS. See online help for details.
                 e:\vs2010\VC\include\string.h(105) : 参见“strcpy”的声明
     1>c:\users\yq\desktop\15061050_4200\15061050\源程序\compile\compile\grammer.h(445): warning C4996: 'strcpy': This function or variable may be unsafe. Consider using strcpy_s instead. To disable deprecation, use _CRT_SECURE_NO_WARNINGS. See online help for details.
                 e:\vs2010\VC\include\string.h(105) : 参见“strcpy”的声明
     1>c:\users\yq\desktop\15061050_4200\15061050\源程序\compile\compile\grammer.h(447): warning C4996: 'strcpy': This function or variable may be unsafe. Consider using strcpy_s instead. To disable deprecation, use _CRT_SECURE_NO_WARNINGS. See online help for details.
                 e:\vs2010\VC\include\string.h(105) : 参见“strcpy”的声明
     1>c:\users\yq\desktop\15061050_4200\15061050\源程序\compile\compile\grammer.h(455): warning C4996: 'strcpy': This function or variable may be unsafe. Consider using strcpy_s instead. To disable deprecation, use _CRT_SECURE_NO_WARNINGS. See online help for details.
                 e:\vs2010\VC\include\string.h(105) : 参见“strcpy”的声明
     1>c:\users\yq\desktop\15061050_4200\15061050\源程序\compile\compile\grammer.h(460): warning C4996: 'strcpy': This function or variable may be unsafe. Consider using strcpy_s instead. To disable deprecation, use _CRT_SECURE_NO_WARNINGS. See online help for details.
                 e:\vs2010\VC\include\string.h(105) : 参见“strcpy”的声明
     1>c:\users\yq\desktop\15061050_4200\15061050\源程序\compile\compile\grammer.h(462): warning C4996: 'strcpy': This function or variable may be unsafe. Consider using strcpy_s instead. To disable deprecation, use _CRT_SECURE_NO_WARNINGS. See online help for details.
                 e:\vs2010\VC\include\string.h(105) : 参见“strcpy”的声明
     1>c:\users\yq\desktop\15061050_4200\15061050\源程序\compile\compile\grammer.h(467): warning C4996: 'strcpy': This function or variable may be unsafe. Consider using strcpy_s instead. To disable deprecation, use _CRT_SECURE_NO_WARNINGS. See online help for details.
                 e:\vs2010\VC\include\string.h(105) : 参见“strcpy”的声明
     1>c:\users\yq\desktop\15061050_4200\15061050\源程序\compile\compile\grammer.h(469): warning C4996: 'strcpy': This function or variable may be unsafe. Consider using strcpy_s instead. To disable deprecation, use _CRT_SECURE_NO_WARNINGS. See online help for details.
                 e:\vs2010\VC\include\string.h(105) : 参见“strcpy”的声明
     1>c:\users\yq\desktop\15061050_4200\15061050\源程序\compile\compile\grammer.h(483): warning C4996: 'strcpy': This function or variable may be unsafe. Consider using strcpy_s instead. To disable deprecation, use _CRT_SECURE_NO_WARNINGS. See online help for details.
                 e:\vs2010\VC\include\string.h(105) : 参见“strcpy”的声明
     1>c:\users\yq\desktop\15061050_4200\15061050\源程序\compile\compile\grammer.h(490): warning C4996: 'sprintf': This function or variable may be unsafe. Consider using sprintf_s instead. To disable deprecation, use _CRT_SECURE_NO_WARNINGS. See online help for details.
                 e:\vs2010\VC\include\stdio.h(371) : 参见“sprintf”的声明
     1>c:\users\yq\desktop\15061050_4200\15061050\源程序\compile\compile\grammer.h(524): warning C4996: 'sprintf': This function or variable may be unsafe. Consider using sprintf_s instead. To disable deprecation, use _CRT_SECURE_NO_WARNINGS. See online help for details.
                 e:\vs2010\VC\include\stdio.h(371) : 参见“sprintf”的声明
     1>c:\users\yq\desktop\15061050_4200\15061050\源程序\compile\compile\grammer.h(555): warning C4996: 'sprintf': This function or variable may be unsafe. Consider using sprintf_s instead. To disable deprecation, use _CRT_SECURE_NO_WARNINGS. See online help for details.
                 e:\vs2010\VC\include\stdio.h(371) : 参见“sprintf”的声明
     1>c:\users\yq\desktop\15061050_4200\15061050\源程序\compile\compile\grammer.h(583): warning C4996: 'sprintf': This function or variable may be unsafe. Consider using sprintf_s instead. To disable deprecation, use _CRT_SECURE_NO_WARNINGS. See online help for details.
                 e:\vs2010\VC\include\stdio.h(371) : 参见“sprintf”的声明
     1>c:\users\yq\desktop\15061050_4200\15061050\源程序\compile\compile\grammer.h(625): warning C4996: 'strcpy': This function or variable may be unsafe. Consider using strcpy_s instead. To disable deprecation, use _CRT_SECURE_NO_WARNINGS. See online help for details.
                 e:\vs2010\VC\include\string.h(105) : 参见“strcpy”的声明
     1>c:\users\yq\desktop\15061050_4200\15061050\源程序\compile\compile\grammer.h(631): warning C4996: 'sprintf': This function or variable may be unsafe. Consider using sprintf_s instead. To disable deprecation, use _CRT_SECURE_NO_WARNINGS. See online help for details.
                 e:\vs2010\VC\include\stdio.h(371) : 参见“sprintf”的声明
     1>c:\users\yq\desktop\15061050_4200\15061050\源程序\compile\compile\grammer.h(706): warning C4996: 'strcpy': This function or variable may be unsafe. Consider using strcpy_s instead. To disable deprecation, use _CRT_SECURE_NO_WARNINGS. See online help for details.
                 e:\vs2010\VC\include\string.h(105) : 参见“strcpy”的声明
     1>c:\users\yq\desktop\15061050_4200\15061050\源程序\compile\compile\grammer.h(711): warning C4996: 'strcpy': This function or variable may be unsafe. Consider using strcpy_s instead. To disable deprecation, use _CRT_SECURE_NO_WARNINGS. See online help for details.
                 e:\vs2010\VC\include\string.h(105) : 参见“strcpy”的声明
     1>c:\users\yq\desktop\15061050_4200\15061050\源程序\compile\compile\grammer.h(813): warning C4996: 'strcpy': This function or variable may be unsafe. Consider using strcpy_s instead. To disable deprecation, use _CRT_SECURE_NO_WARNINGS. See online help for details.
                 e:\vs2010\VC\include\string.h(105) : 参见“strcpy”的声明
     1>c:\users\yq\desktop\15061050_4200\15061050\源程序\compile\compile\grammer.h(836): warning C4996: 'strcpy': This function or variable may be unsafe. Consider using strcpy_s instead. To disable deprecation, use _CRT_SECURE_NO_WARNINGS. See online help for details.
                 e:\vs2010\VC\include\string.h(105) : 参见“strcpy”的声明
     1>c:\users\yq\desktop\15061050_4200\15061050\源程序\compile\compile\grammer.h(843): warning C4996: 'strcpy': This function or variable may be unsafe. Consider using strcpy_s instead. To disable deprecation, use _CRT_SECURE_NO_WARNINGS. See online help for details.
                 e:\vs2010\VC\include\string.h(105) : 参见“strcpy”的声明
     1>c:\users\yq\desktop\15061050_4200\15061050\源程序\compile\compile\grammer.h(980): warning C4996: 'strcpy': This function or variable may be unsafe. Consider using strcpy_s instead. To disable deprecation, use _CRT_SECURE_NO_WARNINGS. See online help for details.
                 e:\vs2010\VC\include\string.h(105) : 参见“strcpy”的声明
     1>c:\users\yq\desktop\15061050_4200\15061050\源程序\compile\compile\grammer.h(1045): warning C4996: 'sprintf': This function or variable may be unsafe. Consider using sprintf_s instead. To disable deprecation, use _CRT_SECURE_NO_WARNINGS. See online help for details.
                 e:\vs2010\VC\include\stdio.h(371) : 参见“sprintf”的声明
     1>c:\users\yq\desktop\15061050_4200\15061050\源程序\compile\compile\grammer.h(1052): warning C4172: 返回局部变量或临时变量的地址
     1>c:\users\yq\desktop\15061050_4200\15061050\源程序\compile\compile\grammer.h(1115): warning C4996: 'strcpy': This function or variable may be unsafe. Consider using strcpy_s instead. To disable deprecation, use _CRT_SECURE_NO_WARNINGS. See online help for details.
                 e:\vs2010\VC\include\string.h(105) : 参见“strcpy”的声明
     1>c:\users\yq\desktop\15061050_4200\15061050\源程序\compile\compile\grammer.h(1119): warning C4996: 'strcpy': This function or variable may be unsafe. Consider using strcpy_s instead. To disable deprecation, use _CRT_SECURE_NO_WARNINGS. See online help for details.
                 e:\vs2010\VC\include\string.h(105) : 参见“strcpy”的声明
     1>c:\users\yq\desktop\15061050_4200\15061050\源程序\compile\compile\grammer.h(1124): warning C4996: 'strcpy': This function or variable may be unsafe. Consider using strcpy_s instead. To disable deprecation, use _CRT_SECURE_NO_WARNINGS. See online help for details.
                 e:\vs2010\VC\include\string.h(105) : 参见“strcpy”的声明
     1>c:\users\yq\desktop\15061050_4200\15061050\源程序\compile\compile\grammer.h(1129): warning C4996: 'strcpy': This function or variable may be unsafe. Consider using strcpy_s instead. To disable deprecation, use _CRT_SECURE_NO_WARNINGS. See online help for details.
                 e:\vs2010\VC\include\string.h(105) : 参见“strcpy”的声明
     1>c:\users\yq\desktop\15061050_4200\15061050\源程序\compile\compile\grammer.h(1134): warning C4996: 'strcpy': This function or variable may be unsafe. Consider using strcpy_s instead. To disable deprecation, use _CRT_SECURE_NO_WARNINGS. See online help for details.
                 e:\vs2010\VC\include\string.h(105) : 参见“strcpy”的声明
     1>c:\users\yq\desktop\15061050_4200\15061050\源程序\compile\compile\grammer.h(1139): warning C4996: 'strcpy': This function or variable may be unsafe. Consider using strcpy_s instead. To disable deprecation, use _CRT_SECURE_NO_WARNINGS. See online help for details.
                 e:\vs2010\VC\include\string.h(105) : 参见“strcpy”的声明
     1>c:\users\yq\desktop\15061050_4200\15061050\源程序\compile\compile\grammer.h(1144): warning C4996: 'strcpy': This function or variable may be unsafe. Consider using strcpy_s instead. To disable deprecation, use _CRT_SECURE_NO_WARNINGS. See online help for details.
                 e:\vs2010\VC\include\string.h(105) : 参见“strcpy”的声明
     1>c:\users\yq\desktop\15061050_4200\15061050\源程序\compile\compile\grammer.h(1147): warning C4996: 'strcpy': This function or variable may be unsafe. Consider using strcpy_s instead. To disable deprecation, use _CRT_SECURE_NO_WARNINGS. See online help for details.
                 e:\vs2010\VC\include\string.h(105) : 参见“strcpy”的声明
     1>c:\users\yq\desktop\15061050_4200\15061050\源程序\compile\compile\grammer.h(1149): warning C4996: 'strcpy': This function or variable may be unsafe. Consider using strcpy_s instead. To disable deprecation, use _CRT_SECURE_NO_WARNINGS. See online help for details.
                 e:\vs2010\VC\include\string.h(105) : 参见“strcpy”的声明
     1>c:\users\yq\desktop\15061050_4200\15061050\源程序\compile\compile\grammer.h(1152): warning C4172: 返回局部变量或临时变量的地址
     1>c:\users\yq\desktop\15061050_4200\15061050\源程序\compile\compile\grammer.h(1112): warning C4101: “place2”: 未引用的局部变量
     1>c:\users\yq\desktop\15061050_4200\15061050\源程序\compile\compile\grammer.h(1178): warning C4996: 'strcpy': This function or variable may be unsafe. Consider using strcpy_s instead. To disable deprecation, use _CRT_SECURE_NO_WARNINGS. See online help for details.
                 e:\vs2010\VC\include\string.h(105) : 参见“strcpy”的声明
     1>c:\users\yq\desktop\15061050_4200\15061050\源程序\compile\compile\grammer.h(1179): warning C4996: 'strcpy': This function or variable may be unsafe. Consider using strcpy_s instead. To disable deprecation, use _CRT_SECURE_NO_WARNINGS. See online help for details.
                 e:\vs2010\VC\include\string.h(105) : 参见“strcpy”的声明
     1>c:\users\yq\desktop\15061050_4200\15061050\源程序\compile\compile\grammer.h(1180): warning C4996: 'strcpy': This function or variable may be unsafe. Consider using strcpy_s instead. To disable deprecation, use _CRT_SECURE_NO_WARNINGS. See online help for details.
                 e:\vs2010\VC\include\string.h(105) : 参见“strcpy”的声明
     1>c:\users\yq\desktop\15061050_4200\15061050\源程序\compile\compile\grammer.h(1186): warning C4996: 'strcpy': This function or variable may be unsafe. Consider using strcpy_s instead. To disable deprecation, use _CRT_SECURE_NO_WARNINGS. See online help for details.
                 e:\vs2010\VC\include\string.h(105) : 参见“strcpy”的声明
     1>c:\users\yq\desktop\15061050_4200\15061050\源程序\compile\compile\grammer.h(1197): warning C4996: 'strcpy': This function or variable may be unsafe. Consider using strcpy_s instead. To disable deprecation, use _CRT_SECURE_NO_WARNINGS. See online help for details.
                 e:\vs2010\VC\include\string.h(105) : 参见“strcpy”的声明
     1>c:\users\yq\desktop\15061050_4200\15061050\源程序\compile\compile\grammer.h(1205): warning C4996: 'strcpy': This function or variable may be unsafe. Consider using strcpy_s instead. To disable deprecation, use _CRT_SECURE_NO_WARNINGS. See online help for details.
                 e:\vs2010\VC\include\string.h(105) : 参见“strcpy”的声明
     1>c:\users\yq\desktop\15061050_4200\15061050\源程序\compile\compile\grammer.h(1210): warning C4996: 'strcpy': This function or variable may be unsafe. Consider using strcpy_s instead. To disable deprecation, use _CRT_SECURE_NO_WARNINGS. See online help for details.
                 e:\vs2010\VC\include\string.h(105) : 参见“strcpy”的声明
     1>c:\users\yq\desktop\15061050_4200\15061050\源程序\compile\compile\grammer.h(1214): warning C4996: 'strcpy': This function or variable may be unsafe. Consider using strcpy_s instead. To disable deprecation, use _CRT_SECURE_NO_WARNINGS. See online help for details.
                 e:\vs2010\VC\include\string.h(105) : 参见“strcpy”的声明
     1>c:\users\yq\desktop\15061050_4200\15061050\源程序\compile\compile\grammer.h(1223): warning C4996: 'strcpy': This function or variable may be unsafe. Consider using strcpy_s instead. To disable deprecation, use _CRT_SECURE_NO_WARNINGS. See online help for details.
                 e:\vs2010\VC\include\string.h(105) : 参见“strcpy”的声明
     1>c:\users\yq\desktop\15061050_4200\15061050\源程序\compile\compile\grammer.h(1225): warning C4996: 'strcpy': This function or variable may be unsafe. Consider using strcpy_s instead. To disable deprecation, use _CRT_SECURE_NO_WARNINGS. See online help for details.
                 e:\vs2010\VC\include\string.h(105) : 参见“strcpy”的声明
     1>c:\users\yq\desktop\15061050_4200\15061050\源程序\compile\compile\grammer.h(1241): warning C4996: 'strcpy': This function or variable may be unsafe. Consider using strcpy_s instead. To disable deprecation, use _CRT_SECURE_NO_WARNINGS. See online help for details.
                 e:\vs2010\VC\include\string.h(105) : 参见“strcpy”的声明
     1>c:\users\yq\desktop\15061050_4200\15061050\源程序\compile\compile\grammer.h(1251): warning C4996: 'strcpy': This function or variable may be unsafe. Consider using strcpy_s instead. To disable deprecation, use _CRT_SECURE_NO_WARNINGS. See online help for details.
                 e:\vs2010\VC\include\string.h(105) : 参见“strcpy”的声明
     1>c:\users\yq\desktop\15061050_4200\15061050\源程序\compile\compile\grammer.h(1253): warning C4996: 'strcpy': This function or variable may be unsafe. Consider using strcpy_s instead. To disable deprecation, use _CRT_SECURE_NO_WARNINGS. See online help for details.
                 e:\vs2010\VC\include\string.h(105) : 参见“strcpy”的声明
     1>c:\users\yq\desktop\15061050_4200\15061050\源程序\compile\compile\grammer.h(1171): warning C4101: “place2”: 未引用的局部变量
     1>c:\users\yq\desktop\15061050_4200\15061050\源程序\compile\compile\grammer.h(1155): warning C4101: “tempStep”: 未引用的局部变量
     1>c:\users\yq\desktop\15061050_4200\15061050\源程序\compile\compile\grammer.h(1167): warning C4101: “cycleVar”: 未引用的局部变量
     1>c:\users\yq\desktop\15061050_4200\15061050\源程序\compile\compile\grammer.h(1173): warning C4101: “step2”: 未引用的局部变量
     1>c:\users\yq\desktop\15061050_4200\15061050\源程序\compile\compile\grammer.h(1313): warning C4996: 'strcpy': This function or variable may be unsafe. Consider using strcpy_s instead. To disable deprecation, use _CRT_SECURE_NO_WARNINGS. See online help for details.
                 e:\vs2010\VC\include\string.h(105) : 参见“strcpy”的声明
     1>c:\users\yq\desktop\15061050_4200\15061050\源程序\compile\compile\grammer.h(1314): warning C4996: 'strcpy': This function or variable may be unsafe. Consider using strcpy_s instead. To disable deprecation, use _CRT_SECURE_NO_WARNINGS. See online help for details.
                 e:\vs2010\VC\include\string.h(105) : 参见“strcpy”的声明
     1>c:\users\yq\desktop\15061050_4200\15061050\源程序\compile\compile\grammer.h(1320): warning C4996: 'strcpy': This function or variable may be unsafe. Consider using strcpy_s instead. To disable deprecation, use _CRT_SECURE_NO_WARNINGS. See online help for details.
                 e:\vs2010\VC\include\string.h(105) : 参见“strcpy”的声明
     1>c:\users\yq\desktop\15061050_4200\15061050\源程序\compile\compile\grammer.h(1368): warning C4996: 'strcpy': This function or variable may be unsafe. Consider using strcpy_s instead. To disable deprecation, use _CRT_SECURE_NO_WARNINGS. See online help for details.
                 e:\vs2010\VC\include\string.h(105) : 参见“strcpy”的声明
     1>c:\users\yq\desktop\15061050_4200\15061050\源程序\compile\compile\grammer.h(1356): warning C4101: “place”: 未引用的局部变量
     1>c:\users\yq\desktop\15061050_4200\15061050\源程序\compile\compile\grammer.h(1398): warning C4996: 'strcpy': This function or variable may be unsafe. Consider using strcpy_s instead. To disable deprecation, use _CRT_SECURE_NO_WARNINGS. See online help for details.
                 e:\vs2010\VC\include\string.h(105) : 参见“strcpy”的声明
     1>c:\users\yq\desktop\15061050_4200\15061050\源程序\compile\compile\grammer.h(1427): warning C4996: 'strcpy': This function or variable may be unsafe. Consider using strcpy_s instead. To disable deprecation, use _CRT_SECURE_NO_WARNINGS. See online help for details.
                 e:\vs2010\VC\include\string.h(105) : 参见“strcpy”的声明
     1>c:\users\yq\desktop\15061050_4200\15061050\源程序\compile\compile\grammer.h(1429): warning C4996: 'strcpy': This function or variable may be unsafe. Consider using strcpy_s instead. To disable deprecation, use _CRT_SECURE_NO_WARNINGS. See online help for details.
                 e:\vs2010\VC\include\string.h(105) : 参见“strcpy”的声明
     1>c:\users\yq\desktop\15061050_4200\15061050\源程序\compile\compile\grammer.h(1473): warning C4996: 'strcpy': This function or variable may be unsafe. Consider using strcpy_s instead. To disable deprecation, use _CRT_SECURE_NO_WARNINGS. See online help for details.
                 e:\vs2010\VC\include\string.h(105) : 参见“strcpy”的声明
     1>c:\users\yq\desktop\15061050_4200\15061050\源程序\compile\compile\grammer.h(1485): warning C4996: 'strcpy': This function or variable may be unsafe. Consider using strcpy_s instead. To disable deprecation, use _CRT_SECURE_NO_WARNINGS. See online help for details.
                 e:\vs2010\VC\include\string.h(105) : 参见“strcpy”的声明
     1>c:\users\yq\desktop\15061050_4200\15061050\源程序\compile\compile\grammer.h(1498): warning C4996: 'strcpy': This function or variable may be unsafe. Consider using strcpy_s instead. To disable deprecation, use _CRT_SECURE_NO_WARNINGS. See online help for details.
                 e:\vs2010\VC\include\string.h(105) : 参见“strcpy”的声明
     1>c:\users\yq\desktop\15061050_4200\15061050\源程序\compile\compile\grammer.h(1529): warning C4996: 'strcpy': This function or variable may be unsafe. Consider using strcpy_s instead. To disable deprecation, use _CRT_SECURE_NO_WARNINGS. See online help for details.
                 e:\vs2010\VC\include\string.h(105) : 参见“strcpy”的声明
     1>c:\users\yq\desktop\15061050_4200\15061050\源程序\compile\compile\grammer.h(1537): warning C4996: 'strcpy': This function or variable may be unsafe. Consider using strcpy_s instead. To disable deprecation, use _CRT_SECURE_NO_WARNINGS. See online help for details.
                 e:\vs2010\VC\include\string.h(105) : 参见“strcpy”的声明
     1>c:\users\yq\desktop\15061050_4200\15061050\源程序\compile\compile\grammer.h(1568): warning C4996: 'strcpy': This function or variable may be unsafe. Consider using strcpy_s instead. To disable deprecation, use _CRT_SECURE_NO_WARNINGS. See online help for details.
                 e:\vs2010\VC\include\string.h(105) : 参见“strcpy”的声明
     1>c:\users\yq\desktop\15061050_4200\15061050\源程序\compile\compile\grammer.h(1621): warning C4996: 'strcpy': This function or variable may be unsafe. Consider using strcpy_s instead. To disable deprecation, use _CRT_SECURE_NO_WARNINGS. See online help for details.
                 e:\vs2010\VC\include\string.h(105) : 参见“strcpy”的声明
     1>c:\users\yq\desktop\15061050_4200\15061050\源程序\compile\compile\grammer.h(1651): warning C4996: 'strcpy': This function or variable may be unsafe. Consider using strcpy_s instead. To disable deprecation, use _CRT_SECURE_NO_WARNINGS. See online help for details.
                 e:\vs2010\VC\include\string.h(105) : 参见“strcpy”的声明
     1>c:\users\yq\desktop\15061050_4200\15061050\源程序\compile\compile\grammer.h(1669): warning C4996: 'strcpy': This function or variable may be unsafe. Consider using strcpy_s instead. To disable deprecation, use _CRT_SECURE_NO_WARNINGS. See online help for details.
                 e:\vs2010\VC\include\string.h(105) : 参见“strcpy”的声明
     1>c:\users\yq\desktop\15061050_4200\15061050\源程序\compile\compile\grammer.h(1670): warning C4996: 'strcpy': This function or variable may be unsafe. Consider using strcpy_s instead. To disable deprecation, use _CRT_SECURE_NO_WARNINGS. See online help for details.
                 e:\vs2010\VC\include\string.h(105) : 参见“strcpy”的声明
     1>c:\users\yq\desktop\15061050_4200\15061050\源程序\compile\compile\grammer.h(1689): warning C4996: 'strcpy': This function or variable may be unsafe. Consider using strcpy_s instead. To disable deprecation, use _CRT_SECURE_NO_WARNINGS. See online help for details.
                 e:\vs2010\VC\include\string.h(105) : 参见“strcpy”的声明
     1>c:\users\yq\desktop\15061050_4200\15061050\源程序\compile\compile\grammer.h(1711): warning C4996: 'strcpy': This function or variable may be unsafe. Consider using strcpy_s instead. To disable deprecation, use _CRT_SECURE_NO_WARNINGS. See online help for details.
                 e:\vs2010\VC\include\string.h(105) : 参见“strcpy”的声明
     1>c:\users\yq\desktop\15061050_4200\15061050\源程序\compile\compile\grammer.h(1773): warning C4996: 'strcpy': This function or variable may be unsafe. Consider using strcpy_s instead. To disable deprecation, use _CRT_SECURE_NO_WARNINGS. See online help for details.
                 e:\vs2010\VC\include\string.h(105) : 参见“strcpy”的声明
     1>c:\users\yq\desktop\15061050_4200\15061050\源程序\compile\compile\grammer.h(1774): warning C4996: 'strcpy': This function or variable may be unsafe. Consider using strcpy_s instead. To disable deprecation, use _CRT_SECURE_NO_WARNINGS. See online help for details.
                 e:\vs2010\VC\include\string.h(105) : 参见“strcpy”的声明
     1>c:\users\yq\desktop\15061050_4200\15061050\源程序\compile\compile\grammer.h(1791): warning C4996: 'strcpy': This function or variable may be unsafe. Consider using strcpy_s instead. To disable deprecation, use _CRT_SECURE_NO_WARNINGS. See online help for details.
                 e:\vs2010\VC\include\string.h(105) : 参见“strcpy”的声明
     1>c:\users\yq\desktop\15061050_4200\15061050\源程序\compile\compile\grammer.h(1810): warning C4996: 'strcpy': This function or variable may be unsafe. Consider using strcpy_s instead. To disable deprecation, use _CRT_SECURE_NO_WARNINGS. See online help for details.
                 e:\vs2010\VC\include\string.h(105) : 参见“strcpy”的声明
     1>c:\users\yq\desktop\15061050_4200\15061050\源程序\compile\compile\grammer.h(1856): warning C4996: 'sprintf': This function or variable may be unsafe. Consider using sprintf_s instead. To disable deprecation, use _CRT_SECURE_NO_WARNINGS. See online help for details.
                 e:\vs2010\VC\include\stdio.h(371) : 参见“sprintf”的声明
     1>c:\users\yq\desktop\15061050_4200\15061050\源程序\compile\compile\grammer.h(1863): warning C4996: 'sprintf': This function or variable may be unsafe. Consider using sprintf_s instead. To disable deprecation, use _CRT_SECURE_NO_WARNINGS. See online help for details.
                 e:\vs2010\VC\include\stdio.h(371) : 参见“sprintf”的声明
     1>c:\users\yq\desktop\15061050_4200\15061050\源程序\compile\compile\grammer.h(1867): warning C4996: 'sprintf': This function or variable may be unsafe. Consider using sprintf_s instead. To disable deprecation, use _CRT_SECURE_NO_WARNINGS. See online help for details.
                 e:\vs2010\VC\include\stdio.h(371) : 参见“sprintf”的声明
     1>c:\users\yq\desktop\15061050_4200\15061050\源程序\compile\compile\grammer.h(1870): warning C4996: 'sprintf': This function or variable may be unsafe. Consider using sprintf_s instead. To disable deprecation, use _CRT_SECURE_NO_WARNINGS. See online help for details.
                 e:\vs2010\VC\include\stdio.h(371) : 参见“sprintf”的声明
     1>c:\users\yq\desktop\15061050_4200\15061050\源程序\compile\compile\grammer.h(1873): warning C4996: 'sprintf': This function or variable may be unsafe. Consider using sprintf_s instead. To disable deprecation, use _CRT_SECURE_NO_WARNINGS. See online help for details.
                 e:\vs2010\VC\include\stdio.h(371) : 参见“sprintf”的声明
     1>c:\users\yq\desktop\15061050_4200\15061050\源程序\compile\compile\grammer.h(1882): warning C4996: 'strcpy': This function or variable may be unsafe. Consider using strcpy_s instead. To disable deprecation, use _CRT_SECURE_NO_WARNINGS. See online help for details.
                 e:\vs2010\VC\include\string.h(105) : 参见“strcpy”的声明
     1>c:\users\yq\desktop\15061050_4200\15061050\源程序\compile\compile\grammer.h(1888): warning C4996: 'strcpy': This function or variable may be unsafe. Consider using strcpy_s instead. To disable deprecation, use _CRT_SECURE_NO_WARNINGS. See online help for details.
                 e:\vs2010\VC\include\string.h(105) : 参见“strcpy”的声明
     1>c:\users\yq\desktop\15061050_4200\15061050\源程序\compile\compile\grammer.h(1893): warning C4996: 'strcpy': This function or variable may be unsafe. Consider using strcpy_s instead. To disable deprecation, use _CRT_SECURE_NO_WARNINGS. See online help for details.
                 e:\vs2010\VC\include\string.h(105) : 参见“strcpy”的声明
     1>c:\users\yq\desktop\15061050_4200\15061050\源程序\compile\compile\grammer.h(1922): warning C4996: 'strcpy': This function or variable may be unsafe. Consider using strcpy_s instead. To disable deprecation, use _CRT_SECURE_NO_WARNINGS. See online help for details.
                 e:\vs2010\VC\include\string.h(105) : 参见“strcpy”的声明
     1>c:\users\yq\desktop\15061050_4200\15061050\源程序\compile\compile\grammer.h(1931): warning C4996: 'strcpy': This function or variable may be unsafe. Consider using strcpy_s instead. To disable deprecation, use _CRT_SECURE_NO_WARNINGS. See online help for details.
                 e:\vs2010\VC\include\string.h(105) : 参见“strcpy”的声明
     1>c:\users\yq\desktop\15061050_4200\15061050\源程序\compile\compile\grammer.h(1934): warning C4996: 'strcpy': This function or variable may be unsafe. Consider using strcpy_s instead. To disable deprecation, use _CRT_SECURE_NO_WARNINGS. See online help for details.
                 e:\vs2010\VC\include\string.h(105) : 参见“strcpy”的声明
     1>c:\users\yq\desktop\15061050_4200\15061050\源程序\compile\compile\grammer.h(1936): warning C4996: 'strcpy': This function or variable may be unsafe. Consider using strcpy_s instead. To disable deprecation, use _CRT_SECURE_NO_WARNINGS. See online help for details.
                 e:\vs2010\VC\include\string.h(105) : 参见“strcpy”的声明
     1>c:\users\yq\desktop\15061050_4200\15061050\源程序\compile\compile\grammer.h(1946): warning C4172: 返回局部变量或临时变量的地址
     1>c:\users\yq\desktop\15061050_4200\15061050\源程序\compile\compile\grammer.h(1918): warning C4101: “place”: 未引用的局部变量
     1>c:\users\yq\desktop\15061050_4200\15061050\源程序\compile\compile\grammer.h(1976): warning C4996: 'strcpy': This function or variable may be unsafe. Consider using strcpy_s instead. To disable deprecation, use _CRT_SECURE_NO_WARNINGS. See online help for details.
                 e:\vs2010\VC\include\string.h(105) : 参见“strcpy”的声明
     1>c:\users\yq\desktop\15061050_4200\15061050\源程序\compile\compile\grammer.h(2014): warning C4996: 'strcpy': This function or variable may be unsafe. Consider using strcpy_s instead. To disable deprecation, use _CRT_SECURE_NO_WARNINGS. See online help for details.
                 e:\vs2010\VC\include\string.h(105) : 参见“strcpy”的声明
     1>c:\users\yq\desktop\15061050_4200\15061050\源程序\compile\compile\grammer.h(2018): warning C4996: 'strcpy': This function or variable may be unsafe. Consider using strcpy_s instead. To disable deprecation, use _CRT_SECURE_NO_WARNINGS. See online help for details.
                 e:\vs2010\VC\include\string.h(105) : 参见“strcpy”的声明
     1>c:\users\yq\desktop\15061050_4200\15061050\源程序\compile\compile\grammer.h(2036): warning C4996: 'gets': This function or variable may be unsafe. Consider using gets_s instead. To disable deprecation, use _CRT_SECURE_NO_WARNINGS. See online help for details.
                 e:\vs2010\VC\include\stdio.h(277) : 参见“gets”的声明
     1>c:\users\yq\desktop\15061050_4200\15061050\源程序\compile\compile\grammer.h(2038): warning C4996: 'fopen': This function or variable may be unsafe. Consider using fopen_s instead. To disable deprecation, use _CRT_SECURE_NO_WARNINGS. See online help for details.
                 e:\vs2010\VC\include\stdio.h(234) : 参见“fopen”的声明
     1>c:\users\yq\desktop\15061050_4200\15061050\源程序\compile\compile\grammer.h(2049): warning C4996: 'strcpy': This function or variable may be unsafe. Consider using strcpy_s instead. To disable deprecation, use _CRT_SECURE_NO_WARNINGS. See online help for details.
                 e:\vs2010\VC\include\string.h(105) : 参见“strcpy”的声明
     1>c:\users\yq\desktop\15061050_4200\15061050\源程序\compile\compile\grammer.h(2052): warning C4996: 'strcpy': This function or variable may be unsafe. Consider using strcpy_s instead. To disable deprecation, use _CRT_SECURE_NO_WARNINGS. See online help for details.
                 e:\vs2010\VC\include\string.h(105) : 参见“strcpy”的声明
     1>c:\users\yq\desktop\15061050_4200\15061050\源程序\compile\compile\grammer.h(2067): warning C4996: 'strcpy': This function or variable may be unsafe. Consider using strcpy_s instead. To disable deprecation, use _CRT_SECURE_NO_WARNINGS. See online help for details.
                 e:\vs2010\VC\include\string.h(105) : 参见“strcpy”的声明
     1>objectcode.cpp(10): warning C4996: 'fopen': This function or variable may be unsafe. Consider using fopen_s instead. To disable deprecation, use _CRT_SECURE_NO_WARNINGS. See online help for details.
                 e:\vs2010\VC\include\stdio.h(234) : 参见“fopen”的声明
     1>objectcode.cpp(120): warning C4996: 'strcpy': This function or variable may be unsafe. Consider using strcpy_s instead. To disable deprecation, use _CRT_SECURE_NO_WARNINGS. See online help for details.
                 e:\vs2010\VC\include\string.h(105) : 参见“strcpy”的声明
     1>objectcode.cpp(128): warning C4996: 'strcpy': This function or variable may be unsafe. Consider using strcpy_s instead. To disable deprecation, use _CRT_SECURE_NO_WARNINGS. See online help for details.
                 e:\vs2010\VC\include\string.h(105) : 参见“strcpy”的声明
     1>objectcode.cpp(137): warning C4996: 'strcpy': This function or variable may be unsafe. Consider using strcpy_s instead. To disable deprecation, use _CRT_SECURE_NO_WARNINGS. See online help for details.
                 e:\vs2010\VC\include\string.h(105) : 参见“strcpy”的声明
     1>objectcode.cpp(145): warning C4996: 'strcpy': This function or variable may be unsafe. Consider using strcpy_s instead. To disable deprecation, use _CRT_SECURE_NO_WARNINGS. See online help for details.
                 e:\vs2010\VC\include\string.h(105) : 参见“strcpy”的声明
     1>objectcode.cpp(191): warning C4996: 'strcpy': This function or variable may be unsafe. Consider using strcpy_s instead. To disable deprecation, use _CRT_SECURE_NO_WARNINGS. See online help for details.
                 e:\vs2010\VC\include\string.h(105) : 参见“strcpy”的声明
     1>objectcode.cpp(155): warning C4101: “addr3”: 未引用的局部变量
     1>objectcode.cpp(237): warning C4996: 'strcpy': This function or variable may be unsafe. Consider using strcpy_s instead. To disable deprecation, use _CRT_SECURE_NO_WARNINGS. See online help for details.
                 e:\vs2010\VC\include\string.h(105) : 参见“strcpy”的声明
     1>objectcode.cpp(209): warning C4101: “addr3”: 未引用的局部变量
     1>objectcode.cpp(276): warning C4996: 'strcpy': This function or variable may be unsafe. Consider using strcpy_s instead. To disable deprecation, use _CRT_SECURE_NO_WARNINGS. See online help for details.
                 e:\vs2010\VC\include\string.h(105) : 参见“strcpy”的声明
     1>objectcode.cpp(248): warning C4101: “addr3”: 未引用的局部变量
     1>objectcode.cpp(315): warning C4996: 'strcpy': This function or variable may be unsafe. Consider using strcpy_s instead. To disable deprecation, use _CRT_SECURE_NO_WARNINGS. See online help for details.
                 e:\vs2010\VC\include\string.h(105) : 参见“strcpy”的声明
     1>objectcode.cpp(287): warning C4101: “addr3”: 未引用的局部变量
     1>objectcode.cpp(403): warning C4996: 'strcpy': This function or variable may be unsafe. Consider using strcpy_s instead. To disable deprecation, use _CRT_SECURE_NO_WARNINGS. See online help for details.
                 e:\vs2010\VC\include\string.h(105) : 参见“strcpy”的声明
     1>objectcode.cpp(545): warning C4996: 'strcpy': This function or variable may be unsafe. Consider using strcpy_s instead. To disable deprecation, use _CRT_SECURE_NO_WARNINGS. See online help for details.
                 e:\vs2010\VC\include\string.h(105) : 参见“strcpy”的声明
     1>objectcode.cpp(601): warning C4996: 'strcpy': This function or variable may be unsafe. Consider using strcpy_s instead. To disable deprecation, use _CRT_SECURE_NO_WARNINGS. See online help for details.
                 e:\vs2010\VC\include\string.h(105) : 参见“strcpy”的声明
     1>objectcode.cpp(668): warning C4996: 'strcpy': This function or variable may be unsafe. Consider using strcpy_s instead. To disable deprecation, use _CRT_SECURE_NO_WARNINGS. See online help for details.
                 e:\vs2010\VC\include\string.h(105) : 参见“strcpy”的声明
     1>objectcode.cpp(701): warning C4996: 'strcpy': This function or variable may be unsafe. Consider using strcpy_s instead. To disable deprecation, use _CRT_SECURE_NO_WARNINGS. See online help for details.
                 e:\vs2010\VC\include\string.h(105) : 参见“strcpy”的声明
     1>objectcode.cpp(719): warning C4996: 'strcpy': This function or variable may be unsafe. Consider using strcpy_s instead. To disable deprecation, use _CRT_SECURE_NO_WARNINGS. See online help for details.
                 e:\vs2010\VC\include\string.h(105) : 参见“strcpy”的声明
     1>objectcode.cpp(753): warning C4996: 'strcpy': This function or variable may be unsafe. Consider using strcpy_s instead. To disable deprecation, use _CRT_SECURE_NO_WARNINGS. See online help for details.
                 e:\vs2010\VC\include\string.h(105) : 参见“strcpy”的声明
     1>objectcode.cpp(754): warning C4996: 'strcpy': This function or variable may be unsafe. Consider using strcpy_s instead. To disable deprecation, use _CRT_SECURE_NO_WARNINGS. See online help for details.
                 e:\vs2010\VC\include\string.h(105) : 参见“strcpy”的声明
     1>objectcode.cpp(829): warning C4996: 'sprintf': This function or variable may be unsafe. Consider using sprintf_s instead. To disable deprecation, use _CRT_SECURE_NO_WARNINGS. See online help for details.
                 e:\vs2010\VC\include\stdio.h(371) : 参见“sprintf”的声明
     1>objectcode.cpp(833): warning C4996: 'strcpy': This function or variable may be unsafe. Consider using strcpy_s instead. To disable deprecation, use _CRT_SECURE_NO_WARNINGS. See online help for details.
                 e:\vs2010\VC\include\string.h(105) : 参见“strcpy”的声明
     1>objectcode.cpp(835): warning C4996: 'sprintf': This function or variable may be unsafe. Consider using sprintf_s instead. To disable deprecation, use _CRT_SECURE_NO_WARNINGS. See online help for details.
                 e:\vs2010\VC\include\stdio.h(371) : 参见“sprintf”的声明
     1>objectcode.cpp(852): warning C4996: 'strcpy': This function or variable may be unsafe. Consider using strcpy_s instead. To disable deprecation, use _CRT_SECURE_NO_WARNINGS. See online help for details.
                 e:\vs2010\VC\include\string.h(105) : 参见“strcpy”的声明
     1>objectcode.cpp(850): warning C4101: “addr1”: 未引用的局部变量
     1>objectcode.cpp(866): warning C4996: 'strcpy': This function or variable may be unsafe. Consider using strcpy_s instead. To disable deprecation, use _CRT_SECURE_NO_WARNINGS. See online help for details.
                 e:\vs2010\VC\include\string.h(105) : 参见“strcpy”的声明
     1>objectcode.cpp(891): warning C4996: 'strcpy': This function or variable may be unsafe. Consider using strcpy_s instead. To disable deprecation, use _CRT_SECURE_NO_WARNINGS. See online help for details.
                 e:\vs2010\VC\include\string.h(105) : 参见“strcpy”的声明
     1>objectcode.cpp(896): warning C4996: 'strcpy': This function or variable may be unsafe. Consider using strcpy_s instead. To disable deprecation, use _CRT_SECURE_NO_WARNINGS. See online help for details.
                 e:\vs2010\VC\include\string.h(105) : 参见“strcpy”的声明
     1>objectcode.cpp(901): warning C4996: 'strcpy': This function or variable may be unsafe. Consider using strcpy_s instead. To disable deprecation, use _CRT_SECURE_NO_WARNINGS. See online help for details.
                 e:\vs2010\VC\include\string.h(105) : 参见“strcpy”的声明
     1>objectcode.cpp(905): warning C4996: 'strcpy': This function or variable may be unsafe. Consider using strcpy_s instead. To disable deprecation, use _CRT_SECURE_NO_WARNINGS. See online help for details.
                 e:\vs2010\VC\include\string.h(105) : 参见“strcpy”的声明
     1>objectcode.cpp(909): warning C4996: 'strcpy': This function or variable may be unsafe. Consider using strcpy_s instead. To disable deprecation, use _CRT_SECURE_NO_WARNINGS. See online help for details.
                 e:\vs2010\VC\include\string.h(105) : 参见“strcpy”的声明
     1>objectcode.cpp(913): warning C4996: 'strcpy': This function or variable may be unsafe. Consider using strcpy_s instead. To disable deprecation, use _CRT_SECURE_NO_WARNINGS. See online help for details.
                 e:\vs2010\VC\include\string.h(105) : 参见“strcpy”的声明
     1>objectcode.cpp(921): warning C4996: 'strcpy': This function or variable may be unsafe. Consider using strcpy_s instead. To disable deprecation, use _CRT_SECURE_NO_WARNINGS. See online help for details.
                 e:\vs2010\VC\include\string.h(105) : 参见“strcpy”的声明
       ManifestResourceCompile:
         C:\Program Files (x86)\Microsoft SDKs\Windows\v7.0A\bin\rc.exe /nologo /fo"Debug\compile.exe.embed.manifest.res" Debug\compile_manifest.rc 
       Link:
         e:\vs2010\VC\bin\link.exe /ERRORREPORT:PROMPT /OUT:"C:\Users\YQ\Desktop\15061050_4200\15061050\源程序\compile\Debug\compile.exe" /INCREMENTAL /NOLOGO kernel32.lib user32.lib gdi32.lib winspool.lib comdlg32.lib advapi32.lib shell32.lib ole32.lib oleaut32.lib uuid.lib odbc32.lib odbccp32.lib /DEF:"grammer.def" /MANIFEST /ManifestFile:"Debug\compile.exe.intermediate.manifest" /MANIFESTUAC:"level='asInvoker' uiAccess='false'" /DEBUG /PDB:"C:\Users\YQ\Desktop\15061050_4200\15061050\源程序\compile\Debug\compile.pdb" /SUBSYSTEM:CONSOLE /TLBID:1 /DYNAMICBASE /NXCOMPAT /IMPLIB:"C:\Users\YQ\Desktop\15061050_4200\15061050\源程序\compile\Debug\compile.lib" /MACHINE:X86 Debug\compile.exe.embed.manifest.res
         Debug\objectcode.obj
            正在创建库 C:\Users\YQ\Desktop\15061050_4200\15061050\源程序\compile\Debug\compile.lib 和对象 C:\Users\YQ\Desktop\15061050_4200\15061050\源程序\compile\Debug\compile.exp
       Manifest:
         C:\Program Files (x86)\Microsoft SDKs\Windows\v7.0A\bin\mt.exe /nologo /verbose /out:"Debug\compile.exe.embed.manifest" /manifest Debug\compile.exe.intermediate.manifest
         所有输出均为最新。
       LinkEmbedManifest:
         所有输出均为最新。
         compile.vcxproj -> C:\Users\YQ\Desktop\15061050_4200\15061050\源程序\compile\Debug\compile.exe
       FinalizeBuildStatus:
         正在删除文件“Debug\compile.unsuccessfulbuild”。
         正在对“Debug\compile.lastbuildstate”执行 Touch 任务。
     1>已完成生成项目“C:\Users\YQ\Desktop\15061050_4200\15061050\源程序\compile\compile\compile.vcxproj”(build 个目标)的操作。

生成成功。

已用时间 00:00:03.81
