E:\vs2010_workspace\compile\compile\Debug\cl.command.1.tlog
E:\vs2010_workspace\compile\compile\Debug\CL.read.1.tlog
E:\vs2010_workspace\compile\compile\Debug\CL.write.1.tlog
E:\VS2010_WORKSPACE\COMPILE\COMPILE\DEBUG\COMPILE.EXE.EMBED.MANIFEST
E:\VS2010_WORKSPACE\COMPILE\COMPILE\DEBUG\COMPILE.EXE.EMBED.MANIFEST.RES
E:\VS2010_WORKSPACE\COMPILE\COMPILE\DEBUG\COMPILE.EXE.INTERMEDIATE.MANIFEST
E:\vs2010_workspace\compile\compile\Debug\compile.write.1.tlog
E:\vs2010_workspace\compile\compile\Debug\compile_manifest.rc
E:\VS2010_WORKSPACE\COMPILE\COMPILE\DEBUG\GRAMMER.OBJ
E:\vs2010_workspace\compile\compile\Debug\link.10804.read.1.tlog
E:\vs2010_workspace\compile\compile\Debug\link.10804.write.1.tlog
E:\vs2010_workspace\compile\compile\Debug\link.10804-cvtres.read.1.tlog
E:\vs2010_workspace\compile\compile\Debug\link.10804-cvtres.write.1.tlog
E:\vs2010_workspace\compile\compile\Debug\link.command.1.tlog
E:\vs2010_workspace\compile\compile\Debug\link.read.1.tlog
E:\vs2010_workspace\compile\compile\Debug\link.write.1.tlog
E:\vs2010_workspace\compile\compile\Debug\link-cvtres.read.1.tlog
E:\vs2010_workspace\compile\compile\Debug\link-cvtres.write.1.tlog
E:\vs2010_workspace\compile\compile\Debug\mt.command.1.tlog
E:\vs2010_workspace\compile\compile\Debug\mt.read.1.tlog
E:\vs2010_workspace\compile\compile\Debug\mt.write.1.tlog
E:\vs2010_workspace\compile\compile\Debug\rc.command.1.tlog
E:\vs2010_workspace\compile\compile\Debug\rc.read.1.tlog
E:\vs2010_workspace\compile\compile\Debug\rc.write.1.tlog
E:\vs2010_workspace\compile\compile\Debug\vc100.idb
E:\VS2010_WORKSPACE\COMPILE\COMPILE\DEBUG\VC100.PDB
E:\VS2010_WORKSPACE\COMPILER\DEBUG\COMPILE.EXE
E:\VS2010_WORKSPACE\COMPILER\DEBUG\COMPILE.ILK
E:\VS2010_WORKSPACE\COMPILER\DEBUG\COMPILE.PDB
